2017-07-03T02:16:40+00:00 INFO Queuing 3.1.0 - wc_update_310_downloadable_products
2017-07-03T02:16:40+00:00 INFO Queuing 3.1.0 - wc_update_310_old_comments
2017-07-03T02:16:40+00:00 INFO Queuing 3.1.0 - wc_update_310_db_version
2017-07-03T02:16:42+00:00 INFO Running wc_update_310_downloadable_products callback
2017-07-03T02:16:42+00:00 INFO Finished wc_update_310_downloadable_products callback
2017-07-03T02:16:42+00:00 INFO Running wc_update_310_old_comments callback
2017-07-03T02:16:42+00:00 INFO Finished wc_update_310_old_comments callback
2017-07-03T02:16:42+00:00 INFO Running wc_update_310_db_version callback
2017-07-03T02:16:42+00:00 INFO Finished wc_update_310_db_version callback
2017-07-03T02:16:43+00:00 INFO Data update complete
2017-07-04T03:41:14+00:00 INFO Queuing 3.1.0 - wc_update_310_downloadable_products
2017-07-04T03:41:14+00:00 INFO Queuing 3.1.0 - wc_update_310_old_comments
2017-07-04T03:41:14+00:00 INFO Queuing 3.1.0 - wc_update_310_db_version
2017-07-04T03:41:17+00:00 INFO Running wc_update_310_downloadable_products callback
2017-07-04T03:41:17+00:00 INFO Finished wc_update_310_downloadable_products callback
2017-07-04T03:41:17+00:00 INFO Running wc_update_310_old_comments callback
2017-07-04T03:41:17+00:00 INFO Finished wc_update_310_old_comments callback
2017-07-04T03:41:17+00:00 INFO Running wc_update_310_db_version callback
2017-07-04T03:41:17+00:00 INFO Finished wc_update_310_db_version callback
2017-07-04T03:41:17+00:00 INFO Data update complete
